<?xml version="1.0" encoding="UTF-8"?>
<!-- Generated by org.testng.reporters.JUnitXMLReporter -->
<testsuite ignored="0" hostname="LAPTOP-SJ9COMQA" failures="0" tests="1" name="TC001_UserLoginTest" time="0.032" errors="0" timestamp="26 Aug. 2023 22:41:04 GMT">
  <testcase classname="com.ATSsoftware.testbase.BaseClass" name="@BeforeMethod openurl" time="0.006">
    <failure type="java.io.FileNotFoundException" message="\DemoATSSoftware\resources\config.properties (The system cannot find the path specified)">
      <![CDATA[java.io.FileNotFoundException: \DemoATSSoftware\resources\config.properties (The system cannot find the path specified)
at java.base/java.io.FileInputStream.open0(Native Method)
at java.base/java.io.FileInputStream.open(FileInputStream.java:216)
at java.base/java.io.FileInputStream.<init>(FileInputStream.java:157)
at java.base/java.io.FileInputStream.<init>(FileInputStream.java:111)
at com.ATSsoftware.testbase.BaseClass.openurl(BaseClass.java:30)
... Removed 28 stack frames]]>
    </failure>
  </testcase> <!-- @BeforeMethod openurl -->
  <testcase classname="com.ATSsoftware.testbase.BaseClass" name="@AfterMethod closeurl" time="0.0">
    <skipped/>
  </testcase> <!-- @AfterMethod closeurl -->
  <testcase classname="com.ATSsoftware.testcases.TC001_UserLoginTest" name="loginTest" time="0.0">
    <skipped/>
  </testcase> <!-- loginTest -->
</testsuite> <!-- TC001_UserLoginTest -->
