<?xml version="1.0" encoding="UTF-8"?>
<testng-results ignored="0" total="1" passed="1" failed="0" skipped="0">
  <reporter-output>
  </reporter-output>
  <suite started-at="2023-08-28T23:53:47Z" name="Suite" finished-at="2023-08-28T23:54:13Z" duration-ms="25784">
    <groups>
    </groups>
    <test started-at="2023-08-28T23:53:47Z" name="Test" finished-at="2023-08-28T23:54:13Z" duration-ms="25784">
      <class name="com.ATSsoftware.testcases.TC001_UserLoginTest">
        <test-method is-config="true" signature="openurl()[pri:0, instance:com.ATSsoftware.testcases.TC001_UserLoginTest@45a37759]" started-at="2023-08-28T23:53:47Z" name="openurl" finished-at="2023-08-28T23:53:51Z" duration-ms="3818" status="PASS">
          <reporter-output>
          </reporter-output>
        </test-method> <!-- openurl -->
        <test-method signature="loginTest()[pri:0, instance:com.ATSsoftware.testcases.TC001_UserLoginTest@45a37759]" started-at="2023-08-28T23:53:51Z" name="loginTest" finished-at="2023-08-28T23:54:13Z" duration-ms="21945" status="PASS">
          <reporter-output>
          </reporter-output>
        </test-method> <!-- loginTest -->
      </class> <!-- com.ATSsoftware.testcases.TC001_UserLoginTest -->
    </test> <!-- Test -->
  </suite> <!-- Suite -->
</testng-results>
